mode: atomic
github.com/dikaeinstein/rsa/rsa.go:20.73,22.16 2 2
github.com/dikaeinstein/rsa/rsa.go:25.2,28.16 3 2
github.com/dikaeinstein/rsa/rsa.go:32.2,33.45 2 2
github.com/dikaeinstein/rsa/rsa.go:37.2,37.19 1 2
github.com/dikaeinstein/rsa/rsa.go:22.16,24.3 1 0
github.com/dikaeinstein/rsa/rsa.go:28.16,30.3 1 0
github.com/dikaeinstein/rsa/rsa.go:33.45,35.3 1 0
github.com/dikaeinstein/rsa/rsa.go:41.70,43.16 2 1
github.com/dikaeinstein/rsa/rsa.go:47.2,48.16 2 1
github.com/dikaeinstein/rsa/rsa.go:52.2,52.34 1 1
github.com/dikaeinstein/rsa/rsa.go:43.16,45.3 1 0
github.com/dikaeinstein/rsa/rsa.go:48.16,50.3 1 0
github.com/dikaeinstein/rsa/rsa.go:56.72,58.16 2 1
github.com/dikaeinstein/rsa/rsa.go:62.2,63.16 2 1
github.com/dikaeinstein/rsa/rsa.go:67.2,67.18 1 1
github.com/dikaeinstein/rsa/rsa.go:58.16,60.3 1 0
github.com/dikaeinstein/rsa/rsa.go:63.16,65.3 1 0
github.com/dikaeinstein/rsa/rsa.go:71.55,75.16 3 1
github.com/dikaeinstein/rsa/rsa.go:79.2,79.34 1 1
github.com/dikaeinstein/rsa/rsa.go:75.16,77.3 1 0
